<?xml version="1.0" encoding="UTF-8"?>
<!-- Generated by org.testng.reporters.JUnitXMLReporter -->
<testsuite ignored="4" hostname="wsd-058-71" failures="0" tests="7" name="JqueryUITests" time="9.962" errors="0" timestamp="2021-11-09T17:15:31 MSK">
  <testcase classname="DemoTest" name="test5" time="0.001"/>
  <testcase classname="DemoTest" name="test5" time="0.0"/>
  <testcase classname="DemoTest" name="test5" time="0.001"/>
  <testcase classname="DemoTest" name="test5" time="0.0"/>
  <testcase classname="DroppableTest" name="droppableTest" time="2.331"/>
  <testcase classname="DraggableTest" name="draggableTest" time="2.542"/>
  <testcase classname="DraggableTest" name="threadTest2" time="0.0"/>
  <testcase classname="DemoTest" name="test1" time="0.0">
    <ignored/>
  </testcase> <!-- test1 -->
  <testcase classname="DemoTest" name="test3" time="0.0">
    <ignored/>
  </testcase> <!-- test3 -->
  <testcase classname="DemoTest" name="test4" time="0.0">
    <ignored/>
  </testcase> <!-- test4 -->
  <testcase classname="DemoTest" name="test2" time="0.0">
    <ignored/>
  </testcase> <!-- test2 -->
</testsuite> <!-- JqueryUITests -->
