<?xml version="1.0" encoding="UTF-8"?>
<testng-results ignored="4" total="11" passed="7" failed="0" skipped="0">
  <reporter-output>
  </reporter-output>
  <suite started-at="2021-11-09T17:15:21 MSK" name="All Test Suite" finished-at="2021-11-09T17:15:31 MSK" duration-ms="9962">
    <groups>
      <group name="P0">
        <method signature="DemoTest.test5(java.lang.String,java.lang.String,java.lang.String)[pri:0, instance:DemoTest@5af97850]" name="test5" class="DemoTest"/>
        <method signature="DraggableTest.draggableTest(java.lang.String,java.lang.String)[pri:0, instance:DraggableTest@5d47c63f]" name="draggableTest" class="DraggableTest"/>
        <method signature="DraggableTest.threadTest2()[pri:0, instance:DraggableTest@5d47c63f]" name="threadTest2" class="DraggableTest"/>
        <method signature="DroppableTest.droppableTest()[pri:0, instance:DroppableTest@3c87521]" name="droppableTest" class="DroppableTest"/>
      </group> <!-- P0 -->
      <group name="P1">
        <method signature="DraggableTest.draggableTest(java.lang.String,java.lang.String)[pri:0, instance:DraggableTest@5d47c63f]" name="draggableTest" class="DraggableTest"/>
      </group> <!-- P1 -->
    </groups>
    <test started-at="2021-11-09T17:15:21 MSK" name="JqueryUITests" finished-at="2021-11-09T17:15:31 MSK" duration-ms="9962">
      <class name="DraggableTest">
        <test-method is-config="true" signature="setup(java.lang.String,java.lang.String)[pri:0, instance:DraggableTest@5d47c63f]" started-at="2021-11-09T17:15:21 MSK" name="setup" finished-at="2021-11-09T17:15:25 MSK" duration-ms="3323" status="PASS">
          <params>
            <param index="0">
              <value>
                <![CDATA[Firefox]]>
              </value>
            </param>
            <param index="1">
              <value>
                <![CDATA[C:/Geckodriver.exe]]>
              </value>
            </param>
          </params>
          <reporter-output>
          </reporter-output>
        </test-method> <!-- setup -->
        <test-method signature="draggableTest(java.lang.String,java.lang.String)[pri:0, instance:DraggableTest@5d47c63f]" started-at="2021-11-09T17:15:25 MSK" name="draggableTest" finished-at="2021-11-09T17:15:27 MSK" duration-ms="2542" status="PASS">
          <params>
            <param index="0">
              <value>
                <![CDATA[200]]>
              </value>
            </param>
            <param index="1">
              <value>
                <![CDATA[200]]>
              </value>
            </param>
          </params>
          <reporter-output>
          </reporter-output>
        </test-method> <!-- draggableTest -->
        <test-method is-config="true" signature="tearDown()[pri:0, instance:DraggableTest@5d47c63f]" started-at="2021-11-09T17:15:27 MSK" name="tearDown" finished-at="2021-11-09T17:15:28 MSK" duration-ms="689" status="PASS">
          <reporter-output>
          </reporter-output>
        </test-method> <!-- tearDown -->
        <test-method is-config="true" signature="setup(java.lang.String,java.lang.String)[pri:0, instance:DraggableTest@5d47c63f]" started-at="2021-11-09T17:15:28 MSK" name="setup" finished-at="2021-11-09T17:15:30 MSK" duration-ms="2749" status="PASS">
          <params>
            <param index="0">
              <value>
                <![CDATA[Firefox]]>
              </value>
            </param>
            <param index="1">
              <value>
                <![CDATA[C:/Geckodriver.exe]]>
              </value>
            </param>
          </params>
          <reporter-output>
          </reporter-output>
        </test-method> <!-- setup -->
        <test-method is-config="true" signature="tearDown()[pri:0, instance:DraggableTest@5d47c63f]" started-at="2021-11-09T17:15:30 MSK" name="tearDown" finished-at="2021-11-09T17:15:31 MSK" duration-ms="622" status="PASS">
          <reporter-output>
          </reporter-output>
        </test-method> <!-- tearDown -->
        <test-method signature="threadTest2()[pri:0, instance:DraggableTest@5d47c63f]" started-at="2021-11-09T17:15:30 MSK" name="threadTest2" finished-at="2021-11-09T17:15:30 MSK" duration-ms="0" status="PASS">
          <reporter-output>
          </reporter-output>
        </test-method> <!-- threadTest2 -->
      </class> <!-- DraggableTest -->
      <class name="DroppableTest">
        <test-method is-config="true" signature="setup(java.lang.String,java.lang.String)[pri:0, instance:DroppableTest@3c87521]" started-at="2021-11-09T17:15:21 MSK" name="setup" finished-at="2021-11-09T17:15:25 MSK" duration-ms="3323" status="PASS">
          <params>
            <param index="0">
              <value>
                <![CDATA[Firefox]]>
              </value>
            </param>
            <param index="1">
              <value>
                <![CDATA[C:/Geckodriver.exe]]>
              </value>
            </param>
          </params>
          <reporter-output>
          </reporter-output>
        </test-method> <!-- setup -->
        <test-method signature="droppableTest()[pri:0, instance:DroppableTest@3c87521]" started-at="2021-11-09T17:15:25 MSK" name="droppableTest" finished-at="2021-11-09T17:15:27 MSK" duration-ms="2331" status="PASS">
          <reporter-output>
          </reporter-output>
        </test-method> <!-- droppableTest -->
        <test-method is-config="true" signature="tearDown()[pri:0, instance:DroppableTest@3c87521]" started-at="2021-11-09T17:15:27 MSK" name="tearDown" finished-at="2021-11-09T17:15:27 MSK" duration-ms="642" status="PASS">
          <reporter-output>
          </reporter-output>
        </test-method> <!-- tearDown -->
      </class> <!-- DroppableTest -->
      <class name="DemoTest">
        <test-method signature="test5(java.lang.String,java.lang.String,java.lang.String)[pri:0, instance:DemoTest@5af97850]" started-at="2021-11-09T17:15:22 MSK" name="test5" data-provider="dataProvider1" finished-at="2021-11-09T17:15:22 MSK" duration-ms="1" status="PASS">
          <params>
            <param index="0">
              <value>
                <![CDATA[Fedor]]>
              </value>
            </param>
            <param index="1">
              <value>
                <![CDATA[Fed@mail.ru]]>
              </value>
            </param>
            <param index="2">
              <value>
                <![CDATA[qwerty]]>
              </value>
            </param>
          </params>
          <reporter-output>
          </reporter-output>
        </test-method> <!-- test5 -->
        <test-method signature="test5(java.lang.String,java.lang.String,java.lang.String)[pri:0, instance:DemoTest@5af97850]" started-at="2021-11-09T17:15:22 MSK" name="test5" data-provider="dataProvider1" finished-at="2021-11-09T17:15:22 MSK" duration-ms="1" status="PASS">
          <params>
            <param index="0">
              <value>
                <![CDATA[Egor]]>
              </value>
            </param>
            <param index="1">
              <value>
                <![CDATA[Egorka223@tut.by]]>
              </value>
            </param>
            <param index="2">
              <value>
                <![CDATA[qaz123]]>
              </value>
            </param>
          </params>
          <reporter-output>
          </reporter-output>
        </test-method> <!-- test5 -->
        <test-method signature="test5(java.lang.String,java.lang.String,java.lang.String)[pri:0, instance:DemoTest@5af97850]" started-at="2021-11-09T17:15:22 MSK" name="test5" data-provider="dataProvider1" finished-at="2021-11-09T17:15:22 MSK" duration-ms="0" status="PASS">
          <params>
            <param index="0">
              <value>
                <![CDATA[Alexei]]>
              </value>
            </param>
            <param index="1">
              <value>
                <![CDATA[Alex@gmail.ru]]>
              </value>
            </param>
            <param index="2">
              <value>
                <![CDATA[qazwsx]]>
              </value>
            </param>
          </params>
          <reporter-output>
          </reporter-output>
        </test-method> <!-- test5 -->
        <test-method signature="test5(java.lang.String,java.lang.String,java.lang.String)[pri:0, instance:DemoTest@5af97850]" started-at="2021-11-09T17:15:22 MSK" name="test5" data-provider="dataProvider1" finished-at="2021-11-09T17:15:22 MSK" duration-ms="0" status="PASS">
          <params>
            <param index="0">
              <value>
                <![CDATA[Andrei]]>
              </value>
            </param>
            <param index="1">
              <value>
                <![CDATA[Andruxxxa@yandex.ru]]>
              </value>
            </param>
            <param index="2">
              <value>
                <![CDATA[qsc1wd]]>
              </value>
            </param>
          </params>
          <reporter-output>
          </reporter-output>
        </test-method> <!-- test5 -->
      </class> <!-- DemoTest -->
    </test> <!-- JqueryUITests -->
  </suite> <!-- All Test Suite -->
</testng-results>
